{"numTotalTestSuites":16,"numPassedTestSuites":16,"numFailedTestSuites":0,"numPendingTestSuites":0,"numTotalTests":22,"numPassedTests":22,"numFailedTests":0,"numPendingTests":0,"numTodoTests":0,"startTime":1758341162524,"success":true,"testResults":[{"assertionResults":[{"ancestorTitles":["","Issue #57 - Responsive Design Tests","Viewport Breakpoints"],"fullName":" Issue #57 - Responsive Design Tests Viewport Breakpoints should define correct breakpoint system","status":"passed","title":"should define correct breakpoint system","duration":1,"failureMessages":[]},{"ancestorTitles":["","Issue #57 - Responsive Design Tests","Viewport Breakpoints"],"fullName":" Issue #57 - Responsive Design Tests Viewport Breakpoints should adapt layout at each breakpoint","status":"passed","title":"should adapt layout at each breakpoint","duration":0,"failureMessages":[]},{"ancestorTitles":["","Issue #57 - Responsive Design Tests","Search Component Responsiveness"],"fullName":" Issue #57 - Responsive Design Tests Search Component Responsiveness should adapt search input to screen size","status":"passed","title":"should adapt search input to screen size","duration":1,"failureMessages":[]},{"ancestorTitles":["","Issue #57 - Responsive Design Tests","Search Component Responsiveness"],"fullName":" Issue #57 - Responsive Design Tests Search Component Responsiveness should optimize search suggestions for touch","status":"passed","title":"should optimize search suggestions for touch","duration":0,"failureMessages":[]},{"ancestorTitles":["","Issue #57 - Responsive Design Tests","Table Responsiveness"],"fullName":" Issue #57 - Responsive Design Tests Table Responsiveness should handle table overflow on small screens","status":"passed","title":"should handle table overflow on small screens","duration":0,"failureMessages":[]},{"ancestorTitles":["","Issue #57 - Responsive Design Tests","Table Responsiveness"],"fullName":" Issue #57 - Responsive Design Tests Table Responsiveness should prioritize essential columns on mobile","status":"passed","title":"should prioritize essential columns on mobile","duration":0,"failureMessages":[]},{"ancestorTitles":["","Issue #57 - Responsive Design Tests","Sort Header Responsiveness"],"fullName":" Issue #57 - Responsive Design Tests Sort Header Responsiveness should adapt sort indicators to screen size","status":"passed","title":"should adapt sort indicators to screen size","duration":0,"failureMessages":[]},{"ancestorTitles":["","Issue #57 - Responsive Design Tests","Sort Header Responsiveness"],"fullName":" Issue #57 - Responsive Design Tests Sort Header Responsiveness should provide alternative sort UI for mobile","status":"passed","title":"should provide alternative sort UI for mobile","duration":0,"failureMessages":[]},{"ancestorTitles":["","Issue #57 - Responsive Design Tests","Filter Responsiveness"],"fullName":" Issue #57 - Responsive Design Tests Filter Responsiveness should adapt filter layout for different screens","status":"passed","title":"should adapt filter layout for different screens","duration":0,"failureMessages":[]},{"ancestorTitles":["","Issue #57 - Responsive Design Tests","Touch Optimization"],"fullName":" Issue #57 - Responsive Design Tests Touch Optimization should provide adequate touch targets","status":"passed","title":"should provide adequate touch targets","duration":0,"failureMessages":[]},{"ancestorTitles":["","Issue #57 - Responsive Design Tests","Touch Optimization"],"fullName":" Issue #57 - Responsive Design Tests Touch Optimization should handle touch gestures appropriately","status":"passed","title":"should handle touch gestures appropriately","duration":0,"failureMessages":[]},{"ancestorTitles":["","Issue #57 - Responsive Design Tests","Performance on Mobile"],"fullName":" Issue #57 - Responsive Design Tests Performance on Mobile should optimize rendering for mobile devices","status":"passed","title":"should optimize rendering for mobile devices","duration":0,"failureMessages":[]},{"ancestorTitles":["","Issue #57 - Responsive Design Tests","Performance on Mobile"],"fullName":" Issue #57 - Responsive Design Tests Performance on Mobile should handle network constraints gracefully","status":"passed","title":"should handle network constraints gracefully","duration":0,"failureMessages":[]},{"ancestorTitles":["","Issue #57 - Responsive Design Tests","Orientation Changes"],"fullName":" Issue #57 - Responsive Design Tests Orientation Changes should adapt to portrait and landscape modes","status":"passed","title":"should adapt to portrait and landscape modes","duration":0,"failureMessages":[]},{"ancestorTitles":["","Issue #57 - Responsive Design Tests","Dark Mode Support"],"fullName":" Issue #57 - Responsive Design Tests Dark Mode Support should support system dark mode preference","status":"passed","title":"should support system dark mode preference","duration":0,"failureMessages":[]},{"ancestorTitles":["","Issue #57 - Responsive Design Tests","Dark Mode Support"],"fullName":" Issue #57 - Responsive Design Tests Dark Mode Support should adapt colors for dark mode","status":"passed","title":"should adapt colors for dark mode","duration":0,"failureMessages":[]},{"ancestorTitles":["","Issue #57 - Responsive Design Tests","Print Styles"],"fullName":" Issue #57 - Responsive Design Tests Print Styles should provide optimized print layout","status":"passed","title":"should provide optimized print layout","duration":1,"failureMessages":[]},{"ancestorTitles":["","Issue #57 - Responsive Design Tests","High DPI Display Support"],"fullName":" Issue #57 - Responsive Design Tests High DPI Display Support should support high resolution displays","status":"passed","title":"should support high resolution displays","duration":0,"failureMessages":[]},{"ancestorTitles":["","Issue #57 - Responsive Design Tests","Container Queries Support"],"fullName":" Issue #57 - Responsive Design Tests Container Queries Support should use container queries where beneficial","status":"passed","title":"should use container queries where beneficial","duration":0,"failureMessages":[]},{"ancestorTitles":["","Issue #57 - Responsive Design Tests","Reduced Motion Support"],"fullName":" Issue #57 - Responsive Design Tests Reduced Motion Support should respect prefers-reduced-motion","status":"passed","title":"should respect prefers-reduced-motion","duration":0,"failureMessages":[]},{"ancestorTitles":["","Issue #57 - Responsive Design Tests","Cross-Browser Compatibility"],"fullName":" Issue #57 - Responsive Design Tests Cross-Browser Compatibility should work across modern browsers","status":"passed","title":"should work across modern browsers","duration":0,"failureMessages":[]},{"ancestorTitles":["","Issue #57 - Responsive Design Tests","Cross-Browser Compatibility"],"fullName":" Issue #57 - Responsive Design Tests Cross-Browser Compatibility should provide graceful degradation","status":"passed","title":"should provide graceful degradation","duration":0,"failureMessages":[]}],"startTime":1758341163141,"endTime":1758341163145,"status":"passed","message":"","name":"/Users/benjaminwierzbanowski/Code/epic-InventoryUpgrades/apps/web/src/__tests__/responsive-design.test.ts"}]}