{"numTotalTestSuites":15,"numPassedTestSuites":15,"numFailedTestSuites":0,"numPendingTestSuites":0,"numTotalTests":39,"numPassedTests":39,"numFailedTests":0,"numPendingTests":0,"numTodoTests":0,"startTime":1757774905697,"success":true,"testResults":[{"assertionResults":[{"ancestorTitles":["","RBAC System","can function","admin permissions"],"fullName":" RBAC System can function admin permissions should allow admin to perform all actions on vendors","status":"passed","title":"should allow admin to perform all actions on vendors","duration":1,"failureMessages":[]},{"ancestorTitles":["","RBAC System","can function","admin permissions"],"fullName":" RBAC System can function admin permissions should allow admin to perform all actions on users","status":"passed","title":"should allow admin to perform all actions on users","duration":0,"failureMessages":[]},{"ancestorTitles":["","RBAC System","can function","admin permissions"],"fullName":" RBAC System can function admin permissions should allow admin to manage all production entities","status":"passed","title":"should allow admin to manage all production entities","duration":0,"failureMessages":[]},{"ancestorTitles":["","RBAC System","can function","admin permissions"],"fullName":" RBAC System can function admin permissions should only allow admin to read audit logs","status":"passed","title":"should only allow admin to read audit logs","duration":0,"failureMessages":[]},{"ancestorTitles":["","RBAC System","can function","viewer permissions"],"fullName":" RBAC System can function viewer permissions should only allow viewer to read and list entities","status":"passed","title":"should only allow viewer to read and list entities","duration":1,"failureMessages":[]},{"ancestorTitles":["","RBAC System","can function","viewer permissions"],"fullName":" RBAC System can function viewer permissions should have no create, update, or delete permissions for any entity","status":"passed","title":"should have no create, update, or delete permissions for any entity","duration":0,"failureMessages":[]},{"ancestorTitles":["","RBAC System","can function","viewer permissions"],"fullName":" RBAC System can function viewer permissions should be able to view all operational data but not modify","status":"passed","title":"should be able to view all operational data but not modify","duration":0,"failureMessages":[]},{"ancestorTitles":["","RBAC System","can function","operator permissions"],"fullName":" RBAC System can function operator permissions should allow operator to create/update vendors but not delete them","status":"passed","title":"should allow operator to create/update vendors but not delete them","duration":0,"failureMessages":[]},{"ancestorTitles":["","RBAC System","can function","operator permissions"],"fullName":" RBAC System can function operator permissions should only allow operator to view users","status":"passed","title":"should only allow operator to view users","duration":1,"failureMessages":[]},{"ancestorTitles":["","RBAC System","can function","operator permissions"],"fullName":" RBAC System can function operator permissions should allow operator to manage production entities","status":"passed","title":"should allow operator to manage production entities","duration":0,"failureMessages":[]},{"ancestorTitles":["","RBAC System","can function","operator permissions"],"fullName":" RBAC System can function operator permissions should only allow operator to view costs","status":"passed","title":"should only allow operator to view costs","duration":0,"failureMessages":[]},{"ancestorTitles":["","RBAC System","can function","operator permissions"],"fullName":" RBAC System can function operator permissions should allow operator to create and view reports but not delete them","status":"passed","title":"should allow operator to create and view reports but not delete them","duration":0,"failureMessages":[]},{"ancestorTitles":["","RBAC System","can function"],"fullName":" RBAC System can function should return false for invalid roles","status":"passed","title":"should return false for invalid roles","duration":0,"failureMessages":[]},{"ancestorTitles":["","RBAC System","can function"],"fullName":" RBAC System can function should return false for entities not in permissions","status":"passed","title":"should return false for entities not in permissions","duration":0,"failureMessages":[]},{"ancestorTitles":["","RBAC System","getPermissions"],"fullName":" RBAC System getPermissions should return all permissions for admin","status":"passed","title":"should return all permissions for admin","duration":1,"failureMessages":[]},{"ancestorTitles":["","RBAC System","getPermissions"],"fullName":" RBAC System getPermissions should return all permissions for operator","status":"passed","title":"should return all permissions for operator","duration":0,"failureMessages":[]},{"ancestorTitles":["","RBAC System","getPermissions"],"fullName":" RBAC System getPermissions should return empty array for invalid role","status":"passed","title":"should return empty array for invalid role","duration":0,"failureMessages":[]},{"ancestorTitles":["","RBAC System","getAllowedActions"],"fullName":" RBAC System getAllowedActions should return all actions admin can perform on vendors","status":"passed","title":"should return all actions admin can perform on vendors","duration":0,"failureMessages":[]},{"ancestorTitles":["","RBAC System","getAllowedActions"],"fullName":" RBAC System getAllowedActions should return limited actions operator can perform on vendors","status":"passed","title":"should return limited actions operator can perform on vendors","duration":0,"failureMessages":[]},{"ancestorTitles":["","RBAC System","getAllowedActions"],"fullName":" RBAC System getAllowedActions should return empty array for invalid combinations","status":"passed","title":"should return empty array for invalid combinations","duration":0,"failureMessages":[]},{"ancestorTitles":["","RBAC System","hasAccess"],"fullName":" RBAC System hasAccess should return true when role has any access to entity","status":"passed","title":"should return true when role has any access to entity","duration":1,"failureMessages":[]},{"ancestorTitles":["","RBAC System","hasAccess"],"fullName":" RBAC System hasAccess should return false when role has no access","status":"passed","title":"should return false when role has no access","duration":0,"failureMessages":[]},{"ancestorTitles":["","RBAC System","getAccessibleEntities"],"fullName":" RBAC System getAccessibleEntities should return all entities admin can access","status":"passed","title":"should return all entities admin can access","duration":0,"failureMessages":[]},{"ancestorTitles":["","RBAC System","getAccessibleEntities"],"fullName":" RBAC System getAccessibleEntities should return entities operator can access","status":"passed","title":"should return entities operator can access","duration":0,"failureMessages":[]},{"ancestorTitles":["","RBAC System","getAccessibleEntities"],"fullName":" RBAC System getAccessibleEntities should return empty array for invalid role","status":"passed","title":"should return empty array for invalid role","duration":0,"failureMessages":[]},{"ancestorTitles":["","RBAC System","isAdministrativeRole"],"fullName":" RBAC System isAdministrativeRole should identify admin as administrative","status":"passed","title":"should identify admin as administrative","duration":0,"failureMessages":[]},{"ancestorTitles":["","RBAC System","isAdministrativeRole"],"fullName":" RBAC System isAdministrativeRole should identify operator as non-administrative","status":"passed","title":"should identify operator as non-administrative","duration":0,"failureMessages":[]},{"ancestorTitles":["","RBAC System","isAdministrativeRole"],"fullName":" RBAC System isAdministrativeRole should identify viewer as non-administrative","status":"passed","title":"should identify viewer as non-administrative","duration":0,"failureMessages":[]},{"ancestorTitles":["","RBAC System","canPerformBulkOperations"],"fullName":" RBAC System canPerformBulkOperations should allow admin to perform bulk operations","status":"passed","title":"should allow admin to perform bulk operations","duration":0,"failureMessages":[]},{"ancestorTitles":["","RBAC System","canPerformBulkOperations"],"fullName":" RBAC System canPerformBulkOperations should not allow operator to perform bulk operations","status":"passed","title":"should not allow operator to perform bulk operations","duration":0,"failureMessages":[]},{"ancestorTitles":["","RBAC System","canPerformBulkOperations"],"fullName":" RBAC System canPerformBulkOperations should not allow viewer to perform bulk operations","status":"passed","title":"should not allow viewer to perform bulk operations","duration":0,"failureMessages":[]},{"ancestorTitles":["","RBAC System","getRoleLevel"],"fullName":" RBAC System getRoleLevel should return correct levels for each role","status":"passed","title":"should return correct levels for each role","duration":0,"failureMessages":[]},{"ancestorTitles":["","RBAC System","getRoleLevel"],"fullName":" RBAC System getRoleLevel should return 0 for invalid roles","status":"passed","title":"should return 0 for invalid roles","duration":0,"failureMessages":[]},{"ancestorTitles":["","RBAC System","hasHigherPermissions"],"fullName":" RBAC System hasHigherPermissions should correctly compare role permissions","status":"passed","title":"should correctly compare role permissions","duration":0,"failureMessages":[]},{"ancestorTitles":["","RBAC System","RBAC Matrix Validation"],"fullName":" RBAC System RBAC Matrix Validation should have consistent matrix structure","status":"passed","title":"should have consistent matrix structure","duration":2,"failureMessages":[]},{"ancestorTitles":["","RBAC System","RBAC Matrix Validation"],"fullName":" RBAC System RBAC Matrix Validation should ensure admin has more permissions than operator","status":"passed","title":"should ensure admin has more permissions than operator","duration":0,"failureMessages":[]},{"ancestorTitles":["","RBAC System","RBAC Matrix Validation"],"fullName":" RBAC System RBAC Matrix Validation should validate audit log restrictions","status":"passed","title":"should validate audit log restrictions","duration":0,"failureMessages":[]},{"ancestorTitles":["","RBAC System","RBAC Matrix Validation"],"fullName":" RBAC System RBAC Matrix Validation should validate operator restrictions on critical entities","status":"passed","title":"should validate operator restrictions on critical entities","duration":0,"failureMessages":[]},{"ancestorTitles":["","RBAC System","RBAC Matrix Validation"],"fullName":" RBAC System RBAC Matrix Validation should ensure all core entities are covered","status":"passed","title":"should ensure all core entities are covered","duration":0,"failureMessages":[]}],"startTime":1757774905892,"endTime":1757774905899,"status":"passed","message":"","name":"/Users/benjaminwierzbanowski/Code/CideryManagementApp/packages/lib/src/__tests__/rbac/roles.test.ts"}]}